<?xml version="1.0" encoding="UTF-8"?>
<!-- Generated by org.testng.reporters.JUnitReportReporter -->
<testsuite hostname="KesavaReddy-PC" name="myPack.Testfacebook" tests="1" failures="0" timestamp="26 Jun 2017 17:32:23 GMT" time="11.149" errors="0">
  <testcase name="TestFireFox" time="11.149" classname="myPack.Testfacebook"/>
</testsuite> <!-- myPack.Testfacebook -->
